# JRE version: Java(TM) SE Runtime Environment (17.0.9+11) (build 17.0.9+11-LTS-201)
# Java VM: Java HotSpot(TM) 64-Bit Server VM (17.0.9+11-LTS-201, mixed mode, sharing, tiered, compressed oops, compressed class ptrs, g1 gc, windows-amd64)
GC Precious Log:
 CPUs: 4 total, 4 available
 Memory: 8025M
 Large Page Support: Disabled
 NUMA Support: Disabled
 Compressed Oops: Enabled (32-bit)
 Heap Region Size: 1M
 Heap Min Capacity: 8M
 Heap Initial Capacity: 126M
 Heap Max Capacity: 2008M
 Pre-touch: Disabled
 Parallel Workers: 4
 Concurrent Workers: 1
 Concurrent Refinement Workers: 4
 Periodic GC: Disabled
Heap:
 garbage-first heap   total 61440K, used 37668K [0x0000000082800000, 0x0000000100000000)
  region size 1024K, 13 young (13312K), 3 survivors (3072K)
 Metaspace       used 66701K, committed 67264K, reserved 1114112K
  class space    used 8742K, committed 9024K, reserved 1048576K
GC Heap History (20 events):
Event: 10.981 GC heap before
{Heap before GC invocations=15 (full 0):
 garbage-first heap   total 51200K, used 40145K [0x0000000082800000, 0x0000000100000000)
  region size 1024K, 19 young (19456K), 3 survivors (3072K)
 Metaspace       used 59413K, committed 59968K, reserved 1114112K
  class space    used 7960K, committed 8192K, reserved 1048576K
}
Event: 10.988 GC heap after
{Heap after GC invocations=16 (full 0):
 garbage-first heap   total 61440K, used 25400K [0x0000000082800000, 0x0000000100000000)
  region size 1024K, 3 young (3072K), 3 survivors (3072K)
 Metaspace       used 59413K, committed 59968K, reserved 1114112K
  class space    used 7960K, committed 8192K, reserved 1048576K
}
Event: 42.625 GC heap before
{Heap before GC invocations=16 (full 0):
 garbage-first heap   total 61440K, used 48952K [0x0000000082800000, 0x0000000100000000)
  region size 1024K, 26 young (26624K), 3 survivors (3072K)
 Metaspace       used 62429K, committed 63040K, reserved 1114112K
  class space    used 8355K, committed 8640K, reserved 1048576K
}
Event: 42.638 GC heap after
{Heap after GC invocations=17 (full 0):
 garbage-first heap   total 61440K, used 27495K [0x0000000082800000, 0x0000000100000000)
  region size 1024K, 4 young (4096K), 4 survivors (4096K)
 Metaspace       used 62429K, committed 63040K, reserved 1114112K
  class space    used 8355K, committed 8640K, reserved 1048576K
}
Event: 80.650 GC heap before
{Heap before GC invocations=17 (full 0):
 garbage-first heap   total 61440K, used 35687K [0x0000000082800000, 0x0000000100000000)
  region size 1024K, 14 young (14336K), 4 survivors (4096K)
 Metaspace       used 64028K, committed 64576K, reserved 1114112K
  class space    used 8577K, committed 8832K, reserved 1048576K
}
Event: 80.725 GC heap after
{Heap after GC invocations=18 (full 1):
 garbage-first heap   total 61440K, used 23752K [0x0000000082800000, 0x0000000100000000)
  region size 1024K, 0 young (0K), 0 survivors (0K)
 Metaspace       used 64028K, committed 64576K, reserved 1114112K
  class space    used 8577K, committed 8832K, reserved 1048576K
}
Event: 81.346 GC heap before
{Heap before GC invocations=18 (full 1):
 garbage-first heap   total 61440K, used 46280K [0x0000000082800000, 0x0000000100000000)
  region size 1024K, 23 young (23552K), 0 survivors (0K)
 Metaspace       used 64134K, committed 64640K, reserved 1114112K
  class space    used 8585K, committed 8832K, reserved 1048576K
}
Event: 81.352 GC heap after
{Heap after GC invocations=19 (full 1):
 garbage-first heap   total 61440K, used 25800K [0x0000000082800000, 0x0000000100000000)
  region size 1024K, 2 young (2048K), 2 survivors (2048K)
 Metaspace       used 64134K, committed 64640K, reserved 1114112K
  class space    used 8585K, committed 8832K, reserved 1048576K
}
Event: 81.833 GC heap before
{Heap before GC invocations=19 (full 1):
 garbage-first heap   total 61440K, used 46280K [0x0000000082800000, 0x0000000100000000)
  region size 1024K, 23 young (23552K), 2 survivors (2048K)
 Metaspace       used 64376K, committed 64896K, reserved 1114112K
  class space    used 8599K, committed 8832K, reserved 1048576K
}
Event: 81.839 GC heap after
{Heap after GC invocations=20 (full 1):
 garbage-first heap   total 61440K, used 27395K [0x0000000082800000, 0x0000000100000000)
  region size 1024K, 2 young (2048K), 2 survivors (2048K)
 Metaspace       used 64376K, committed 64896K, reserved 1114112K
  class space    used 8599K, committed 8832K, reserved 1048576K
}
Event: 82.281 GC heap before
{Heap before GC invocations=20 (full 1):
 garbage-first heap   total 61440K, used 47875K [0x0000000082800000, 0x0000000100000000)
  region size 1024K, 22 young (22528K), 2 survivors (2048K)
 Metaspace       used 64862K, committed 65408K, reserved 1114112K
  class space    used 8617K, committed 8896K, reserved 1048576K
}
Event: 82.286 GC heap after
{Heap after GC invocations=21 (full 1):
 garbage-first heap   total 61440K, used 29378K [0x0000000082800000, 0x0000000100000000)
  region size 1024K, 3 young (3072K), 3 survivors (3072K)
 Metaspace       used 64862K, committed 65408K, reserved 1114112K
  class space    used 8617K, committed 8896K, reserved 1048576K
}
Event: 106.839 GC heap before
{Heap before GC invocations=21 (full 1):
 garbage-first heap   total 61440K, used 34498K [0x0000000082800000, 0x0000000100000000)
  region size 1024K, 9 young (9216K), 3 survivors (3072K)
 Metaspace       used 64924K, committed 65472K, reserved 1114112K
  class space    used 8619K, committed 8896K, reserved 1048576K
}
Event: 106.915 GC heap after
{Heap after GC invocations=22 (full 2):
 garbage-first heap   total 61440K, used 24218K [0x0000000082800000, 0x0000000100000000)
  region size 1024K, 0 young (0K), 0 survivors (0K)
 Metaspace       used 64921K, committed 65472K, reserved 1114112K
  class space    used 8618K, committed 8896K, reserved 1048576K
}
Event: 107.443 GC heap before
{Heap before GC invocations=22 (full 2):
 garbage-first heap   total 61440K, used 45722K [0x0000000082800000, 0x0000000100000000)
  region size 1024K, 22 young (22528K), 0 survivors (0K)
 Metaspace       used 65108K, committed 65664K, reserved 1114112K
  class space    used 8625K, committed 8896K, reserved 1048576K
}
Event: 107.446 GC heap after
{Heap after GC invocations=23 (full 2):
 garbage-first heap   total 61440K, used 26258K [0x0000000082800000, 0x0000000100000000)
  region size 1024K, 2 young (2048K), 2 survivors (2048K)
 Metaspace       used 65108K, committed 65664K, reserved 1114112K
  class space    used 8625K, committed 8896K, reserved 1048576K
}
Event: 107.908 GC heap before
{Heap before GC invocations=23 (full 2):
 garbage-first heap   total 61440K, used 46738K [0x0000000082800000, 0x0000000100000000)
  region size 1024K, 23 young (23552K), 2 survivors (2048K)
 Metaspace       used 65387K, committed 65920K, reserved 1114112K
  class space    used 8633K, committed 8896K, reserved 1048576K
}
Event: 107.917 GC heap after
{Heap after GC invocations=24 (full 2):
 garbage-first heap   total 61440K, used 27591K [0x0000000082800000, 0x0000000100000000)
  region size 1024K, 2 young (2048K), 2 survivors (2048K)
 Metaspace       used 65387K, committed 65920K, reserved 1114112K
  class space    used 8633K, committed 8896K, reserved 1048576K
}
Event: 108.373 GC heap before
{Heap before GC invocations=24 (full 2):
 garbage-first heap   total 61440K, used 48071K [0x0000000082800000, 0x0000000100000000)
  region size 1024K, 22 young (22528K), 2 survivors (2048K)
 Metaspace       used 65752K, committed 66304K, reserved 1114112K
  class space    used 8646K, committed 8896K, reserved 1048576K
}
Event: 108.382 GC heap after
{Heap after GC invocations=25 (full 2):
 garbage-first heap   total 61440K, used 29476K [0x0000000082800000, 0x0000000100000000)
  region size 1024K, 3 young (3072K), 3 survivors (3072K)
 Metaspace       used 65752K, committed 66304K, reserved 1114112K
  class space    used 8646K, committed 8896K, reserved 1048576K
}

